DEB [20180206-13:22:50.225] thr=1   paramiko.transport: starting thread (client mode): 0x2181510L
DEB [20180206-13:22:50.225] thr=1   paramiko.transport: Local version/idstring: SSH-2.0-paramiko_2.4.0
DEB [20180206-13:22:50.268] thr=1   paramiko.transport: Remote version/idstring: SSH-2.0-OpenSSH_7.6
INF [20180206-13:22:50.268] thr=1   paramiko.transport: Connected (version 2.0, client OpenSSH_7.6)
DEB [20180206-13:22:50.284] thr=1   paramiko.transport: kex algos:[u'curve25519-sha256', u'curve25519-sha256@libssh.org', u'ecdh-sha2-nistp256', u'ecdh-sha2-nistp384', u'ecdh-sha2-nistp521', u'diffie-hellman-group-exchange-sha256', u'diffie-hellman-group16-sha512', u'diffie-hellman-group18-sha512', u'diffie-hellman-group14-sha256', u'diffie-hellman-group14-sha1'] server key:[u'ssh-rsa', u'rsa-sha2-512', u'rsa-sha2-256', u'ecdsa-sha2-nistp256', u'ssh-ed25519'] client encrypt:[u'chacha20-poly1305@openssh.com', u'aes128-ctr', u'aes192-ctr', u'aes256-ctr', u'aes128-gcm@openssh.com', u'aes256-gcm@openssh.com'] server encrypt:[u'chacha20-poly1305@openssh.com', u'aes128-ctr', u'aes192-ctr', u'aes256-ctr', u'aes128-gcm@openssh.com', u'aes256-gcm@openssh.com'] client mac:[u'umac-64-etm@openssh.com', u'umac-128-etm@openssh.com', u'hmac-sha2-256-etm@openssh.com', u'hmac-sha2-512-etm@openssh.com', u'hmac-sha1-etm@openssh.com', u'umac-64@openssh.com', u'umac-128@openssh.com', u'hmac-sha2-256', u'hmac-sha2-512', u'hmac-sha1'] server mac:[u'umac-64-etm@openssh.com', u'umac-128-etm@openssh.com', u'hmac-sha2-256-etm@openssh.com', u'hmac-sha2-512-etm@openssh.com', u'hmac-sha1-etm@openssh.com', u'umac-64@openssh.com', u'umac-128@openssh.com', u'hmac-sha2-256', u'hmac-sha2-512', u'hmac-sha1'] client compress:[u'none', u'zlib@openssh.com'] server compress:[u'none', u'zlib@openssh.com'] client lang:[u''] server lang:[u''] kex follows?False
DEB [20180206-13:22:50.284] thr=1   paramiko.transport: Kex agreed: ecdh-sha2-nistp256
DEB [20180206-13:22:50.284] thr=1   paramiko.transport: HostKey agreed: ssh-ed25519
DEB [20180206-13:22:50.285] thr=1   paramiko.transport: Cipher agreed: aes128-ctr
DEB [20180206-13:22:50.285] thr=1   paramiko.transport: MAC agreed: hmac-sha2-256
DEB [20180206-13:22:50.285] thr=1   paramiko.transport: Compression agreed: none
DEB [20180206-13:22:50.292] thr=1   paramiko.transport: kex engine KexNistp256 specified hash_algo <built-in function openssl_sha256>
DEB [20180206-13:22:50.293] thr=1   paramiko.transport: Switch to new keys ...
DEB [20180206-13:22:50.329] thr=2   paramiko.transport: Rejecting ssh-ed25519 host key for localhost: 0db4178b5cc15505341f9caaa5720e6e
DEB [20180206-13:22:50.398] thr=1   paramiko.transport: EOF in transport thread
DEB [20180206-13:47:52.044] thr=1   paramiko.transport: starting thread (client mode): 0xcf10510L
DEB [20180206-13:47:52.044] thr=1   paramiko.transport: Local version/idstring: SSH-2.0-paramiko_2.4.0
DEB [20180206-13:47:52.076] thr=1   paramiko.transport: Remote version/idstring: SSH-2.0-OpenSSH_7.6
INF [20180206-13:47:52.076] thr=1   paramiko.transport: Connected (version 2.0, client OpenSSH_7.6)
DEB [20180206-13:47:52.085] thr=1   paramiko.transport: kex algos:[u'curve25519-sha256', u'curve25519-sha256@libssh.org', u'ecdh-sha2-nistp256', u'ecdh-sha2-nistp384', u'ecdh-sha2-nistp521', u'diffie-hellman-group-exchange-sha256', u'diffie-hellman-group16-sha512', u'diffie-hellman-group18-sha512', u'diffie-hellman-group14-sha256', u'diffie-hellman-group14-sha1'] server key:[u'ssh-rsa', u'rsa-sha2-512', u'rsa-sha2-256', u'ecdsa-sha2-nistp256', u'ssh-ed25519'] client encrypt:[u'chacha20-poly1305@openssh.com', u'aes128-ctr', u'aes192-ctr', u'aes256-ctr', u'aes128-gcm@openssh.com', u'aes256-gcm@openssh.com'] server encrypt:[u'chacha20-poly1305@openssh.com', u'aes128-ctr', u'aes192-ctr', u'aes256-ctr', u'aes128-gcm@openssh.com', u'aes256-gcm@openssh.com'] client mac:[u'umac-64-etm@openssh.com', u'umac-128-etm@openssh.com', u'hmac-sha2-256-etm@openssh.com', u'hmac-sha2-512-etm@openssh.com', u'hmac-sha1-etm@openssh.com', u'umac-64@openssh.com', u'umac-128@openssh.com', u'hmac-sha2-256', u'hmac-sha2-512', u'hmac-sha1'] server mac:[u'umac-64-etm@openssh.com', u'umac-128-etm@openssh.com', u'hmac-sha2-256-etm@openssh.com', u'hmac-sha2-512-etm@openssh.com', u'hmac-sha1-etm@openssh.com', u'umac-64@openssh.com', u'umac-128@openssh.com', u'hmac-sha2-256', u'hmac-sha2-512', u'hmac-sha1'] client compress:[u'none', u'zlib@openssh.com'] server compress:[u'none', u'zlib@openssh.com'] client lang:[u''] server lang:[u''] kex follows?False
DEB [20180206-13:47:52.085] thr=1   paramiko.transport: Kex agreed: ecdh-sha2-nistp256
DEB [20180206-13:47:52.085] thr=1   paramiko.transport: HostKey agreed: ssh-ed25519
DEB [20180206-13:47:52.086] thr=1   paramiko.transport: Cipher agreed: aes128-ctr
DEB [20180206-13:47:52.086] thr=1   paramiko.transport: MAC agreed: hmac-sha2-256
DEB [20180206-13:47:52.086] thr=1   paramiko.transport: Compression agreed: none
DEB [20180206-13:47:52.093] thr=1   paramiko.transport: kex engine KexNistp256 specified hash_algo <built-in function openssl_sha256>
DEB [20180206-13:47:52.094] thr=1   paramiko.transport: Switch to new keys ...
DEB [20180206-13:47:52.113] thr=2   paramiko.transport: Rejecting ssh-ed25519 host key for localhost: 0db4178b5cc15505341f9caaa5720e6e
DEB [20180206-13:47:52.200] thr=1   paramiko.transport: EOF in transport thread
